<?xml version="1.0" encoding="UTF-8"?>
<!-- Generated by org.testng.reporters.JUnitReportReporter -->
<testsuite hostname="DESKTOP-EPJCRCR" failures="0" tests="8" name="org.pom1.testng" time="0.069" errors="0" timestamp="2025-05-06T16:27:35 IST" skipped="0">
  <testcase classname="org.pom1.testng" name="tc_1" time="0.037"/>
  <testcase classname="org.pom1.testng" name="tc_4" time="0.016"/>
  <testcase classname="org.pom1.testng" name="tc_4" time="0.000"/>
  <testcase classname="org.pom1.testng" name="tc_4" time="0.000"/>
  <testcase classname="org.pom1.testng" name="tc_4" time="0.000"/>
  <testcase classname="org.pom1.testng" name="tc_4" time="0.000"/>
  <testcase classname="org.pom1.testng" name="tc_3" time="0.000"/>
  <testcase classname="org.pom1.testng" name="tc_2" time="0.016"/>
</testsuite> <!-- org.pom1.testng -->
