<?xml version="1.0" encoding="UTF-8"?>
<!-- Generated by org.testng.reporters.JUnitReportReporter -->
<testsuite hostname="DESKTOP-EPJCRCR" failures="0" tests="4" name="org.suit.face" time="10.233" errors="0" timestamp="2025-05-08T10:21:53 IST" skipped="0">
  <testcase classname="org.suit.face" name="tc4" time="4.708"/>
  <testcase classname="org.suit.face" name="tc6" time="2.960"/>
  <testcase classname="org.suit.face" name="tc6" time="1.204"/>
  <testcase classname="org.suit.face" name="tc6" time="1.361"/>
</testsuite> <!-- org.suit.face -->
