<?xml version="1.0" encoding="UTF-8"?>
<!-- Generated by org.testng.reporters.JUnitReportReporter -->
<testsuite hostname="DESKTOP-EPJCRCR" failures="0" tests="3" name="org.suit.Newtest" time="0.026" errors="0" timestamp="2025-05-08T10:21:53 IST" skipped="0">
  <testcase classname="org.suit.Newtest" name="tc1" time="0.009"/>
  <testcase classname="org.suit.Newtest" name="tc2" time="0.010"/>
  <testcase classname="org.suit.Newtest" name="tc3" time="0.007"/>
</testsuite> <!-- org.suit.Newtest -->
